
> react-music-player@2.0.0 start
> webpack serve --mode development --open

<i> [webpack-dev-server] Project is running at:
<i> [webpack-dev-server] Loopback: http://localhost:3000/
<i> [webpack-dev-server] On Your Network (IPv4): http://192.168.1.103:3000/
<i> [webpack-dev-server] Content not from webpack is served from '/home/centos_youssef/Documents/Web/react-music-player/dist, /home/centos_youssef/Documents/Web/react-music-player' directory
<i> [webpack-dev-server] 404s will fallback to '/index.html'
<i> [webpack-dev-middleware] wait until bundle finished: /
asset bundle.js 1.8 MiB [emitted] (name: main)
asset index.html 719 bytes [emitted]
runtime modules 28.3 KiB 15 modules
modules by path ./node_modules/ 1.53 MiB 45 modules
modules by path ./app/final/ 70.8 KiB
  modules by path ./app/final/components/ 37.8 KiB 14 modules
  modules by path ./app/final/page/ 10.7 KiB
    modules by path ./app/final/page/*.js 6.82 KiB 2 modules
    modules by path ./app/final/page/*.less 3.84 KiB 2 modules
  modules by path ./app/final/*.js 22.3 KiB
    ./app/final/index.js 242 bytes [built] [code generated]
    ./app/final/Root.js 22 KiB [built] [code generated]
  ./app/final/utils/util.js 104 bytes [built] [code generated]
webpack 5.104.1 compiled successfully in 3377 ms
